[32mINFO[0m:     [10-11-2023 00:21:58] Anonymized telemetry enabled. See                     https://docs.trychroma.com/telemetry for more information.
[36mDEBUG[0m:    [10-11-2023 00:21:58] Starting component System
[36mDEBUG[0m:    [10-11-2023 00:21:58] Starting component OpenTelemetryClient
[36mDEBUG[0m:    [10-11-2023 00:21:58] Starting component SimpleAssignmentPolicy
[36mDEBUG[0m:    [10-11-2023 00:21:58] Starting component SqliteDB
[36mDEBUG[0m:    [10-11-2023 00:21:58] Starting component Posthog
[36mDEBUG[0m:    [10-11-2023 00:21:58] Starting component LocalSegmentManager
[36mDEBUG[0m:    [10-11-2023 00:21:58] Starting component SegmentAPI
[32mINFO[0m:     [10-11-2023 00:21:58] Started server process [[36m67064[0m]
[32mINFO[0m:     [10-11-2023 00:21:58] Waiting for application startup.
[32mINFO[0m:     [10-11-2023 00:21:58] Application startup complete.
[32mINFO[0m:     [10-11-2023 00:21:58] Uvicorn running on [1mhttp://localhost:8000[0m (Press CTRL+C to quit)
[32mINFO[0m:     [10-11-2023 00:22:08] ::1:59495 - "GET /api/v1/tenants/default_tenant HTTP/1.1" 200
[32mINFO[0m:     [10-11-2023 00:22:08] ::1:59495 - "GET /api/v1/databases/default_database?tenant=default_tenant HTTP/1.1" 200
[32mINFO[0m:     [10-11-2023 00:22:23] ::1:59741 - "POST /api/v1/collections?tenant=default_tenant&database=default_database HTTP/1.1" 200
[32mINFO[0m:     [10-11-2023 00:22:49] ::1:60141 - "GET /api/v1/pre-flight-checks HTTP/1.1" 200
[36mDEBUG[0m:    [10-11-2023 00:22:49] Starting component PersistentLocalHnswSegment
[32mINFO[0m:     [10-11-2023 00:22:49] ::1:60141 - "POST /api/v1/collections/cc2e38b2-463d-4e87-83da-6958dd04e0a1/add HTTP/1.1" 201
[32mINFO[0m:     [10-11-2023 14:04:43] Shutting down
[32mINFO[0m:     [10-11-2023 14:04:43] Waiting for application shutdown.
[32mINFO[0m:     [10-11-2023 14:04:43] Application shutdown complete.
[32mINFO[0m:     [10-11-2023 14:04:43] Finished server process [[36m67064[0m]
